# JRE version: OpenJDK Runtime Environment (22.0+36) (build 22+36-2370)
# Java VM: OpenJDK 64-Bit Server VM (22+36-2370, mixed mode, sharing, tiered, compressed oops, compressed class ptrs, g1 gc, windows-amd64)
GC Precious Log:
 CardTable entry size: 512
 Card Set container configuration: InlinePtr #cards 4 size 8 Array Of Cards #cards 16 size 48 Howl #buckets 8 coarsen threshold 3686 Howl Bitmap #cards 512 size 80 coarsen threshold 460 Card regions per heap region 1 cards per card region 4096
 CPUs: 20 total, 20 available
 Memory: 16151M
 Large Page Support: Disabled
 NUMA Support: Disabled
 Compressed Oops: Enabled (Zero based)
 Heap Region Size: 2M
 Heap Min Capacity: 8M
 Heap Initial Capacity: 254M
 Heap Max Capacity: 4038M
 Pre-touch: Disabled
 Parallel Workers: 15
 Concurrent Workers: 4
 Concurrent Refinement Workers: 15
 Periodic GC: Disabled
Heap:
 garbage-first heap   total reserved 4134912K, committed 983040K, used 613609K [0x0000000703a00000, 0x0000000800000000)
  region size 2048K, 2 young (4096K), 1 survivors (2048K)
 Metaspace       used 28682K, committed 29376K, reserved 1114112K
  class space    used 3314K, committed 3584K, reserved 1048576K
GC Heap History (20 events):
Event: 90.575 GC heap before
{Heap before GC invocations=35 (full 0):
 garbage-first heap   total reserved 4134912K, committed 649216K, used 527539K [0x0000000703a00000, 0x0000000800000000)
  region size 2048K, 90 young (184320K), 1 survivors (2048K)
 Metaspace       used 28678K, committed 29376K, reserved 1114112K
  class space    used 3314K, committed 3584K, reserved 1048576K
}
Event: 90.576 GC heap after
{Heap after GC invocations=36 (full 0):
 garbage-first heap   total reserved 4134912K, committed 649216K, used 347285K [0x0000000703a00000, 0x0000000800000000)
  region size 2048K, 1 young (2048K), 1 survivors (2048K)
 Metaspace       used 28678K, committed 29376K, reserved 1114112K
  class space    used 3314K, committed 3584K, reserved 1048576K
}
Event: 90.659 GC heap before
{Heap before GC invocations=37 (full 0):
 garbage-first heap   total reserved 4134912K, committed 649216K, used 398485K [0x0000000703a00000, 0x0000000800000000)
  region size 2048K, 14 young (28672K), 1 survivors (2048K)
 Metaspace       used 28678K, committed 29376K, reserved 1114112K
  class space    used 3314K, committed 3584K, reserved 1048576K
}
Event: 90.660 GC heap after
{Heap after GC invocations=38 (full 0):
 garbage-first heap   total reserved 4134912K, committed 649216K, used 373957K [0x0000000703a00000, 0x0000000800000000)
  region size 2048K, 1 young (2048K), 1 survivors (2048K)
 Metaspace       used 28678K, committed 29376K, reserved 1114112K
  class space    used 3314K, committed 3584K, reserved 1048576K
}
Event: 90.825 GC heap before
{Heap before GC invocations=39 (full 0):
 garbage-first heap   total reserved 4134912K, committed 673792K, used 578757K [0x0000000703a00000, 0x0000000800000000)
  region size 2048K, 89 young (182272K), 1 survivors (2048K)
 Metaspace       used 28678K, committed 29376K, reserved 1114112K
  class space    used 3314K, committed 3584K, reserved 1048576K
}
Event: 90.826 GC heap after
{Heap after GC invocations=40 (full 0):
 garbage-first heap   total reserved 4134912K, committed 673792K, used 400531K [0x0000000703a00000, 0x0000000800000000)
  region size 2048K, 1 young (2048K), 1 survivors (2048K)
 Metaspace       used 28678K, committed 29376K, reserved 1114112K
  class space    used 3314K, committed 3584K, reserved 1048576K
}
Event: 90.882 GC heap before
{Heap before GC invocations=41 (full 0):
 garbage-first heap   total reserved 4134912K, committed 716800K, used 451731K [0x0000000703a00000, 0x0000000800000000)
  region size 2048K, 14 young (28672K), 1 survivors (2048K)
 Metaspace       used 28678K, committed 29376K, reserved 1114112K
  class space    used 3314K, committed 3584K, reserved 1048576K
}
Event: 90.883 GC heap after
{Heap after GC invocations=42 (full 0):
 garbage-first heap   total reserved 4134912K, committed 854016K, used 427211K [0x0000000703a00000, 0x0000000800000000)
  region size 2048K, 1 young (2048K), 1 survivors (2048K)
 Metaspace       used 28678K, committed 29376K, reserved 1114112K
  class space    used 3314K, committed 3584K, reserved 1048576K
}
Event: 91.084 GC heap before
{Heap before GC invocations=43 (full 0):
 garbage-first heap   total reserved 4134912K, committed 854016K, used 632011K [0x0000000703a00000, 0x0000000800000000)
  region size 2048K, 89 young (182272K), 1 survivors (2048K)
 Metaspace       used 28680K, committed 29376K, reserved 1114112K
  class space    used 3314K, committed 3584K, reserved 1048576K
}
Event: 91.085 GC heap after
{Heap after GC invocations=44 (full 0):
 garbage-first heap   total reserved 4134912K, committed 854016K, used 453788K [0x0000000703a00000, 0x0000000800000000)
  region size 2048K, 1 young (2048K), 1 survivors (2048K)
 Metaspace       used 28680K, committed 29376K, reserved 1114112K
  class space    used 3314K, committed 3584K, reserved 1048576K
}
Event: 91.135 GC heap before
{Heap before GC invocations=45 (full 0):
 garbage-first heap   total reserved 4134912K, committed 854016K, used 504988K [0x0000000703a00000, 0x0000000800000000)
  region size 2048K, 14 young (28672K), 1 survivors (2048K)
 Metaspace       used 28680K, committed 29376K, reserved 1114112K
  class space    used 3314K, committed 3584K, reserved 1048576K
}
Event: 91.136 GC heap after
{Heap after GC invocations=46 (full 0):
 garbage-first heap   total reserved 4134912K, committed 854016K, used 480467K [0x0000000703a00000, 0x0000000800000000)
  region size 2048K, 1 young (2048K), 1 survivors (2048K)
 Metaspace       used 28680K, committed 29376K, reserved 1114112K
  class space    used 3314K, committed 3584K, reserved 1048576K
}
Event: 91.299 GC heap before
{Heap before GC invocations=47 (full 0):
 garbage-first heap   total reserved 4134912K, committed 854016K, used 685267K [0x0000000703a00000, 0x0000000800000000)
  region size 2048K, 89 young (182272K), 1 survivors (2048K)
 Metaspace       used 28682K, committed 29376K, reserved 1114112K
  class space    used 3314K, committed 3584K, reserved 1048576K
}
Event: 91.300 GC heap after
{Heap after GC invocations=48 (full 0):
 garbage-first heap   total reserved 4134912K, committed 854016K, used 507040K [0x0000000703a00000, 0x0000000800000000)
  region size 2048K, 1 young (2048K), 1 survivors (2048K)
 Metaspace       used 28682K, committed 29376K, reserved 1114112K
  class space    used 3314K, committed 3584K, reserved 1048576K
}
Event: 91.370 GC heap before
{Heap before GC invocations=49 (full 0):
 garbage-first heap   total reserved 4134912K, committed 894976K, used 558240K [0x0000000703a00000, 0x0000000800000000)
  region size 2048K, 14 young (28672K), 1 survivors (2048K)
 Metaspace       used 28682K, committed 29376K, reserved 1114112K
  class space    used 3314K, committed 3584K, reserved 1048576K
}
Event: 91.371 GC heap after
{Heap after GC invocations=50 (full 0):
 garbage-first heap   total reserved 4134912K, committed 894976K, used 533717K [0x0000000703a00000, 0x0000000800000000)
  region size 2048K, 1 young (2048K), 1 survivors (2048K)
 Metaspace       used 28682K, committed 29376K, reserved 1114112K
  class space    used 3314K, committed 3584K, reserved 1048576K
}
Event: 91.600 GC heap before
{Heap before GC invocations=51 (full 0):
 garbage-first heap   total reserved 4134912K, committed 940032K, used 738517K [0x0000000703a00000, 0x0000000800000000)
  region size 2048K, 89 young (182272K), 1 survivors (2048K)
 Metaspace       used 28682K, committed 29376K, reserved 1114112K
  class space    used 3314K, committed 3584K, reserved 1048576K
}
Event: 91.601 GC heap after
{Heap after GC invocations=52 (full 0):
 garbage-first heap   total reserved 4134912K, committed 940032K, used 560304K [0x0000000703a00000, 0x0000000800000000)
  region size 2048K, 1 young (2048K), 1 survivors (2048K)
 Metaspace       used 28682K, committed 29376K, reserved 1114112K
  class space    used 3314K, committed 3584K, reserved 1048576K
}
Event: 91.660 GC heap before
{Heap before GC invocations=53 (full 0):
 garbage-first heap   total reserved 4134912K, committed 983040K, used 613552K [0x0000000703a00000, 0x0000000800000000)
  region size 2048K, 15 young (30720K), 1 survivors (2048K)
 Metaspace       used 28682K, committed 29376K, reserved 1114112K
  class space    used 3314K, committed 3584K, reserved 1048576K
}
Event: 91.661 GC heap after
{Heap after GC invocations=54 (full 0):
 garbage-first heap   total reserved 4134912K, committed 983040K, used 586985K [0x0000000703a00000, 0x0000000800000000)
  region size 2048K, 1 young (2048K), 1 survivors (2048K)
 Metaspace       used 28682K, committed 29376K, reserved 1114112K
  class space    used 3314K, committed 3584K, reserved 1048576K
}

