# JRE version: OpenJDK Runtime Environment (22.0+36) (build 22+36-2370)
# Java VM: OpenJDK 64-Bit Server VM (22+36-2370, mixed mode, sharing, tiered, compressed oops, compressed class ptrs, g1 gc, windows-amd64)
GC Precious Log:
 CardTable entry size: 512
 Card Set container configuration: InlinePtr #cards 4 size 8 Array Of Cards #cards 16 size 48 Howl #buckets 8 coarsen threshold 3686 Howl Bitmap #cards 512 size 80 coarsen threshold 460 Card regions per heap region 1 cards per card region 4096
 CPUs: 20 total, 20 available
 Memory: 16151M
 Large Page Support: Disabled
 NUMA Support: Disabled
 Compressed Oops: Enabled (Zero based)
 Heap Region Size: 2M
 Heap Min Capacity: 8M
 Heap Initial Capacity: 254M
 Heap Max Capacity: 4038M
 Pre-touch: Disabled
 Parallel Workers: 15
 Concurrent Workers: 4
 Concurrent Refinement Workers: 15
 Periodic GC: Disabled
Heap:
 garbage-first heap   total reserved 4134912K, committed 731136K, used 530742K [0x0000000703a00000, 0x0000000800000000)
  region size 2048K, 3 young (6144K), 2 survivors (4096K)
 Metaspace       used 40818K, committed 41600K, reserved 1114112K
  class space    used 4776K, committed 5120K, reserved 1048576K
GC Heap History (20 events):
Event: 248.693 GC heap before
{Heap before GC invocations=23 (full 0):
 garbage-first heap   total reserved 4134912K, committed 385024K, used 357048K [0x0000000703a00000, 0x0000000800000000)
  region size 2048K, 43 young (88064K), 3 survivors (6144K)
 Metaspace       used 40809K, committed 41600K, reserved 1114112K
  class space    used 4776K, committed 5120K, reserved 1048576K
}
Event: 248.694 GC heap after
{Heap after GC invocations=24 (full 0):
 garbage-first heap   total reserved 4134912K, committed 385024K, used 273707K [0x0000000703a00000, 0x0000000800000000)
  region size 2048K, 3 young (6144K), 3 survivors (6144K)
 Metaspace       used 40809K, committed 41600K, reserved 1114112K
  class space    used 4776K, committed 5120K, reserved 1048576K
}
Event: 248.805 GC heap before
{Heap before GC invocations=25 (full 0):
 garbage-first heap   total reserved 4134912K, committed 460800K, used 402731K [0x0000000703a00000, 0x0000000800000000)
  region size 2048K, 43 young (88064K), 3 survivors (6144K)
 Metaspace       used 40812K, committed 41600K, reserved 1114112K
  class space    used 4776K, committed 5120K, reserved 1048576K
}
Event: 248.806 GC heap after
{Heap after GC invocations=26 (full 0):
 garbage-first heap   total reserved 4134912K, committed 460800K, used 322224K [0x0000000703a00000, 0x0000000800000000)
  region size 2048K, 3 young (6144K), 3 survivors (6144K)
 Metaspace       used 40812K, committed 41600K, reserved 1114112K
  class space    used 4776K, committed 5120K, reserved 1048576K
}
Event: 248.891 GC heap before
{Heap before GC invocations=26 (full 0):
 garbage-first heap   total reserved 4134912K, committed 460800K, used 428720K [0x0000000703a00000, 0x0000000800000000)
  region size 2048K, 55 young (112640K), 3 survivors (6144K)
 Metaspace       used 40812K, committed 41600K, reserved 1114112K
  class space    used 4776K, committed 5120K, reserved 1048576K
}
Event: 248.894 GC heap after
{Heap after GC invocations=27 (full 0):
 garbage-first heap   total reserved 4134912K, committed 460800K, used 318589K [0x0000000703a00000, 0x0000000800000000)
  region size 2048K, 2 young (4096K), 2 survivors (4096K)
 Metaspace       used 40812K, committed 41600K, reserved 1114112K
  class space    used 4776K, committed 5120K, reserved 1048576K
}
Event: 248.927 GC heap before
{Heap before GC invocations=27 (full 0):
 garbage-first heap   total reserved 4134912K, committed 460800K, used 353405K [0x0000000703a00000, 0x0000000800000000)
  region size 2048K, 20 young (40960K), 2 survivors (4096K)
 Metaspace       used 40812K, committed 41600K, reserved 1114112K
  class space    used 4776K, committed 5120K, reserved 1048576K
}
Event: 248.928 GC heap after
{Heap after GC invocations=28 (full 0):
 garbage-first heap   total reserved 4134912K, committed 552960K, used 318281K [0x0000000703a00000, 0x0000000800000000)
  region size 2048K, 2 young (4096K), 2 survivors (4096K)
 Metaspace       used 40812K, committed 41600K, reserved 1114112K
  class space    used 4776K, committed 5120K, reserved 1048576K
}
Event: 249.175 GC heap before
{Heap before GC invocations=29 (full 0):
 garbage-first heap   total reserved 4134912K, committed 571392K, used 564041K [0x0000000703a00000, 0x0000000800000000)
  region size 2048K, 99 young (202752K), 2 survivors (4096K)
 Metaspace       used 40812K, committed 41600K, reserved 1114112K
  class space    used 4776K, committed 5120K, reserved 1048576K
}
Event: 249.176 GC heap after
{Heap after GC invocations=30 (full 0):
 garbage-first heap   total reserved 4134912K, committed 571392K, used 366236K [0x0000000703a00000, 0x0000000800000000)
  region size 2048K, 2 young (4096K), 2 survivors (4096K)
 Metaspace       used 40812K, committed 41600K, reserved 1114112K
  class space    used 4776K, committed 5120K, reserved 1048576K
}
Event: 249.322 GC heap before
{Heap before GC invocations=30 (full 0):
 garbage-first heap   total reserved 4134912K, committed 571392K, used 568988K [0x0000000703a00000, 0x0000000800000000)
  region size 2048K, 78 young (159744K), 2 survivors (4096K)
 Metaspace       used 40816K, committed 41600K, reserved 1114112K
  class space    used 4776K, committed 5120K, reserved 1048576K
}
Event: 249.324 GC heap after
{Heap after GC invocations=31 (full 0):
 garbage-first heap   total reserved 4134912K, committed 579584K, used 415713K [0x0000000703a00000, 0x0000000800000000)
  region size 2048K, 3 young (6144K), 3 survivors (6144K)
 Metaspace       used 40816K, committed 41600K, reserved 1114112K
  class space    used 4776K, committed 5120K, reserved 1048576K
}
Event: 249.363 GC heap before
{Heap before GC invocations=31 (full 0):
 garbage-first heap   total reserved 4134912K, committed 579584K, used 460769K [0x0000000703a00000, 0x0000000800000000)
  region size 2048K, 26 young (53248K), 3 survivors (6144K)
 Metaspace       used 40816K, committed 41600K, reserved 1114112K
  class space    used 4776K, committed 5120K, reserved 1048576K
}
Event: 249.364 GC heap after
{Heap after GC invocations=32 (full 0):
 garbage-first heap   total reserved 4134912K, committed 579584K, used 413302K [0x0000000703a00000, 0x0000000800000000)
  region size 2048K, 1 young (2048K), 1 survivors (2048K)
 Metaspace       used 40816K, committed 41600K, reserved 1114112K
  class space    used 4776K, committed 5120K, reserved 1048576K
}
Event: 249.528 GC heap before
{Heap before GC invocations=33 (full 0):
 garbage-first heap   total reserved 4134912K, committed 727040K, used 591478K [0x0000000703a00000, 0x0000000800000000)
  region size 2048K, 65 young (133120K), 1 survivors (2048K)
 Metaspace       used 40816K, committed 41600K, reserved 1114112K
  class space    used 4776K, committed 5120K, reserved 1048576K
}
Event: 249.529 GC heap after
{Heap after GC invocations=34 (full 0):
 garbage-first heap   total reserved 4134912K, committed 727040K, used 463410K [0x0000000703a00000, 0x0000000800000000)
  region size 2048K, 2 young (4096K), 2 survivors (4096K)
 Metaspace       used 40816K, committed 41600K, reserved 1114112K
  class space    used 4776K, committed 5120K, reserved 1048576K
}
Event: 249.723 GC heap before
{Heap before GC invocations=34 (full 0):
 garbage-first heap   total reserved 4134912K, committed 727040K, used 725554K [0x0000000703a00000, 0x0000000800000000)
  region size 2048K, 107 young (219136K), 2 survivors (4096K)
 Metaspace       used 40817K, committed 41600K, reserved 1114112K
  class space    used 4776K, committed 5120K, reserved 1048576K
}
Event: 249.726 GC heap after
{Heap after GC invocations=35 (full 0):
 garbage-first heap   total reserved 4134912K, committed 731136K, used 507292K [0x0000000703a00000, 0x0000000800000000)
  region size 2048K, 1 young (2048K), 1 survivors (2048K)
 Metaspace       used 40817K, committed 41600K, reserved 1114112K
  class space    used 4776K, committed 5120K, reserved 1048576K
}
Event: 249.770 GC heap before
{Heap before GC invocations=35 (full 0):
 garbage-first heap   total reserved 4134912K, committed 731136K, used 560540K [0x0000000703a00000, 0x0000000800000000)
  region size 2048K, 28 young (57344K), 1 survivors (2048K)
 Metaspace       used 40818K, committed 41600K, reserved 1114112K
  class space    used 4776K, committed 5120K, reserved 1048576K
}
Event: 249.771 GC heap after
{Heap after GC invocations=36 (full 0):
 garbage-first heap   total reserved 4134912K, committed 731136K, used 510262K [0x0000000703a00000, 0x0000000800000000)
  region size 2048K, 2 young (4096K), 2 survivors (4096K)
 Metaspace       used 40818K, committed 41600K, reserved 1114112K
  class space    used 4776K, committed 5120K, reserved 1048576K
}

