# JRE version: OpenJDK Runtime Environment (22.0+36) (build 22+36-2370)
# Java VM: OpenJDK 64-Bit Server VM (22+36-2370, mixed mode, sharing, tiered, compressed oops, compressed class ptrs, g1 gc, windows-amd64)
GC Precious Log:
 CardTable entry size: 512
 Card Set container configuration: InlinePtr #cards 4 size 8 Array Of Cards #cards 16 size 48 Howl #buckets 8 coarsen threshold 3686 Howl Bitmap #cards 512 size 80 coarsen threshold 460 Card regions per heap region 1 cards per card region 4096
 CPUs: 20 total, 20 available
 Memory: 16151M
 Large Page Support: Disabled
 NUMA Support: Disabled
 Compressed Oops: Enabled (Zero based)
 Heap Region Size: 2M
 Heap Min Capacity: 8M
 Heap Initial Capacity: 254M
 Heap Max Capacity: 4038M
 Pre-touch: Disabled
 Parallel Workers: 15
 Concurrent Workers: 4
 Concurrent Refinement Workers: 15
 Periodic GC: Disabled
Heap:
 garbage-first heap   total reserved 4134912K, committed 806912K, used 506229K [0x0000000703a00000, 0x0000000800000000)
  region size 2048K, 2 young (4096K), 1 survivors (2048K)
 Metaspace       used 28439K, committed 29184K, reserved 1114112K
  class space    used 3307K, committed 3648K, reserved 1048576K
GC Heap History (20 events):
Event: 52.857 GC heap before
{Heap before GC invocations=21 (full 0):
 garbage-first heap   total reserved 4134912K, committed 389120K, used 363463K [0x0000000703a00000, 0x0000000800000000)
  region size 2048K, 48 young (98304K), 1 survivors (2048K)
 Metaspace       used 28432K, committed 29184K, reserved 1114112K
  class space    used 3307K, committed 3648K, reserved 1048576K
}
Event: 52.858 GC heap after
{Heap after GC invocations=22 (full 0):
 garbage-first heap   total reserved 4134912K, committed 389120K, used 266825K [0x0000000703a00000, 0x0000000800000000)
  region size 2048K, 1 young (2048K), 1 survivors (2048K)
 Metaspace       used 28432K, committed 29184K, reserved 1114112K
  class space    used 3307K, committed 3648K, reserved 1048576K
}
Event: 52.896 GC heap before
{Heap before GC invocations=22 (full 0):
 garbage-first heap   total reserved 4134912K, committed 389120K, used 289353K [0x0000000703a00000, 0x0000000800000000)
  region size 2048K, 13 young (26624K), 1 survivors (2048K)
 Metaspace       used 28434K, committed 29184K, reserved 1114112K
  class space    used 3307K, committed 3648K, reserved 1048576K
}
Event: 52.897 GC heap after
{Heap after GC invocations=23 (full 0):
 garbage-first heap   total reserved 4134912K, committed 389120K, used 266850K [0x0000000703a00000, 0x0000000800000000)
  region size 2048K, 1 young (2048K), 1 survivors (2048K)
 Metaspace       used 28434K, committed 29184K, reserved 1114112K
  class space    used 3307K, committed 3648K, reserved 1048576K
}
Event: 53.001 GC heap before
{Heap before GC invocations=24 (full 0):
 garbage-first heap   total reserved 4134912K, committed 495616K, used 389730K [0x0000000703a00000, 0x0000000800000000)
  region size 2048K, 48 young (98304K), 1 survivors (2048K)
 Metaspace       used 28434K, committed 29184K, reserved 1114112K
  class space    used 3307K, committed 3648K, reserved 1048576K
}
Event: 53.001 GC heap after
{Heap after GC invocations=25 (full 0):
 garbage-first heap   total reserved 4134912K, committed 495616K, used 293472K [0x0000000703a00000, 0x0000000800000000)
  region size 2048K, 1 young (2048K), 1 survivors (2048K)
 Metaspace       used 28434K, committed 29184K, reserved 1114112K
  class space    used 3307K, committed 3648K, reserved 1048576K
}
Event: 53.184 GC heap before
{Heap before GC invocations=25 (full 0):
 garbage-first heap   total reserved 4134912K, committed 522240K, used 516704K [0x0000000703a00000, 0x0000000800000000)
  region size 2048K, 84 young (172032K), 1 survivors (2048K)
 Metaspace       used 28434K, committed 29184K, reserved 1114112K
  class space    used 3307K, committed 3648K, reserved 1048576K
}
Event: 53.185 GC heap after
{Heap after GC invocations=26 (full 0):
 garbage-first heap   total reserved 4134912K, committed 524288K, used 346461K [0x0000000703a00000, 0x0000000800000000)
  region size 2048K, 1 young (2048K), 1 survivors (2048K)
 Metaspace       used 28434K, committed 29184K, reserved 1114112K
  class space    used 3307K, committed 3648K, reserved 1048576K
}
Event: 53.290 GC heap before
{Heap before GC invocations=26 (full 0):
 garbage-first heap   total reserved 4134912K, committed 524288K, used 465245K [0x0000000703a00000, 0x0000000800000000)
  region size 2048K, 60 young (122880K), 1 survivors (2048K)
 Metaspace       used 28434K, committed 29184K, reserved 1114112K
  class space    used 3307K, committed 3648K, reserved 1048576K
}
Event: 53.291 GC heap after
{Heap after GC invocations=27 (full 0):
 garbage-first heap   total reserved 4134912K, committed 524288K, used 346420K [0x0000000703a00000, 0x0000000800000000)
  region size 2048K, 1 young (2048K), 1 survivors (2048K)
 Metaspace       used 28434K, committed 29184K, reserved 1114112K
  class space    used 3307K, committed 3648K, reserved 1048576K
}
Event: 53.345 GC heap before
{Heap before GC invocations=28 (full 0):
 garbage-first heap   total reserved 4134912K, committed 628736K, used 397620K [0x0000000703a00000, 0x0000000800000000)
  region size 2048K, 14 young (28672K), 1 survivors (2048K)
 Metaspace       used 28434K, committed 29184K, reserved 1114112K
  class space    used 3307K, committed 3648K, reserved 1048576K
}
Event: 53.346 GC heap after
{Heap after GC invocations=29 (full 0):
 garbage-first heap   total reserved 4134912K, committed 755712K, used 373093K [0x0000000703a00000, 0x0000000800000000)
  region size 2048K, 1 young (2048K), 1 survivors (2048K)
 Metaspace       used 28434K, committed 29184K, reserved 1114112K
  class space    used 3307K, committed 3648K, reserved 1048576K
}
Event: 53.553 GC heap before
{Heap before GC invocations=30 (full 0):
 garbage-first heap   total reserved 4134912K, committed 755712K, used 577893K [0x0000000703a00000, 0x0000000800000000)
  region size 2048K, 89 young (182272K), 1 survivors (2048K)
 Metaspace       used 28434K, committed 29184K, reserved 1114112K
  class space    used 3307K, committed 3648K, reserved 1048576K
}
Event: 53.556 GC heap after
{Heap after GC invocations=31 (full 0):
 garbage-first heap   total reserved 4134912K, committed 755712K, used 399670K [0x0000000703a00000, 0x0000000800000000)
  region size 2048K, 1 young (2048K), 1 survivors (2048K)
 Metaspace       used 28434K, committed 29184K, reserved 1114112K
  class space    used 3307K, committed 3648K, reserved 1048576K
}
Event: 53.607 GC heap before
{Heap before GC invocations=32 (full 0):
 garbage-first heap   total reserved 4134912K, committed 755712K, used 450870K [0x0000000703a00000, 0x0000000800000000)
  region size 2048K, 14 young (28672K), 1 survivors (2048K)
 Metaspace       used 28435K, committed 29184K, reserved 1114112K
  class space    used 3307K, committed 3648K, reserved 1048576K
}
Event: 53.608 GC heap after
{Heap after GC invocations=33 (full 0):
 garbage-first heap   total reserved 4134912K, committed 755712K, used 426345K [0x0000000703a00000, 0x0000000800000000)
  region size 2048K, 1 young (2048K), 1 survivors (2048K)
 Metaspace       used 28435K, committed 29184K, reserved 1114112K
  class space    used 3307K, committed 3648K, reserved 1048576K
}
Event: 53.775 GC heap before
{Heap before GC invocations=34 (full 0):
 garbage-first heap   total reserved 4134912K, committed 761856K, used 631145K [0x0000000703a00000, 0x0000000800000000)
  region size 2048K, 89 young (182272K), 1 survivors (2048K)
 Metaspace       used 28439K, committed 29184K, reserved 1114112K
  class space    used 3307K, committed 3648K, reserved 1048576K
}
Event: 53.778 GC heap after
{Heap after GC invocations=35 (full 0):
 garbage-first heap   total reserved 4134912K, committed 761856K, used 452927K [0x0000000703a00000, 0x0000000800000000)
  region size 2048K, 1 young (2048K), 1 survivors (2048K)
 Metaspace       used 28439K, committed 29184K, reserved 1114112K
  class space    used 3307K, committed 3648K, reserved 1048576K
}
Event: 53.874 GC heap before
{Heap before GC invocations=36 (full 0):
 garbage-first heap   total reserved 4134912K, committed 806912K, used 506175K [0x0000000703a00000, 0x0000000800000000)
  region size 2048K, 15 young (30720K), 1 survivors (2048K)
 Metaspace       used 28439K, committed 29184K, reserved 1114112K
  class space    used 3307K, committed 3648K, reserved 1048576K
}
Event: 53.877 GC heap after
{Heap after GC invocations=37 (full 0):
 garbage-first heap   total reserved 4134912K, committed 806912K, used 479605K [0x0000000703a00000, 0x0000000800000000)
  region size 2048K, 1 young (2048K), 1 survivors (2048K)
 Metaspace       used 28439K, committed 29184K, reserved 1114112K
  class space    used 3307K, committed 3648K, reserved 1048576K
}

