# JRE version: OpenJDK Runtime Environment (22.0+36) (build 22+36-2370)
# Java VM: OpenJDK 64-Bit Server VM (22+36-2370, mixed mode, sharing, tiered, compressed oops, compressed class ptrs, g1 gc, windows-amd64)
GC Precious Log:
 CardTable entry size: 512
 Card Set container configuration: InlinePtr #cards 4 size 8 Array Of Cards #cards 16 size 48 Howl #buckets 8 coarsen threshold 3686 Howl Bitmap #cards 512 size 80 coarsen threshold 460 Card regions per heap region 1 cards per card region 4096
 CPUs: 20 total, 20 available
 Memory: 16151M
 Large Page Support: Disabled
 NUMA Support: Disabled
 Compressed Oops: Enabled (Zero based)
 Heap Region Size: 2M
 Heap Min Capacity: 8M
 Heap Initial Capacity: 254M
 Heap Max Capacity: 4038M
 Pre-touch: Disabled
 Parallel Workers: 15
 Concurrent Workers: 4
 Concurrent Refinement Workers: 15
 Periodic GC: Disabled
Heap:
 garbage-first heap   total reserved 4134912K, committed 362496K, used 240124K [0x0000000703a00000, 0x0000000800000000)
  region size 2048K, 2 young (4096K), 1 survivors (2048K)
 Metaspace       used 27885K, committed 28608K, reserved 1114112K
  class space    used 3272K, committed 3648K, reserved 1048576K
GC Heap History (20 events):
Event: 49.953 GC heap before
{Heap before GC invocations=10 (full 0):
 garbage-first heap   total reserved 4134912K, committed 169984K, used 154878K [0x0000000703a00000, 0x0000000800000000)
  region size 2048K, 37 young (75776K), 1 survivors (2048K)
 Metaspace       used 27881K, committed 28608K, reserved 1114112K
  class space    used 3272K, committed 3648K, reserved 1048576K
}
Event: 49.954 GC heap after
{Heap after GC invocations=11 (full 0):
 garbage-first heap   total reserved 4134912K, committed 169984K, used 81150K [0x0000000703a00000, 0x0000000800000000)
  region size 2048K, 1 young (2048K), 1 survivors (2048K)
 Metaspace       used 27881K, committed 28608K, reserved 1114112K
  class space    used 3272K, committed 3648K, reserved 1048576K
}
Event: 50.036 GC heap before
{Heap before GC invocations=12 (full 0):
 garbage-first heap   total reserved 4134912K, committed 169984K, used 167166K [0x0000000703a00000, 0x0000000800000000)
  region size 2048K, 30 young (61440K), 1 survivors (2048K)
 Metaspace       used 27882K, committed 28608K, reserved 1114112K
  class space    used 3272K, committed 3648K, reserved 1048576K
}
Event: 50.036 GC heap after
{Heap after GC invocations=13 (full 0):
 garbage-first heap   total reserved 4134912K, committed 172032K, used 107772K [0x0000000703a00000, 0x0000000800000000)
  region size 2048K, 1 young (2048K), 1 survivors (2048K)
 Metaspace       used 27882K, committed 28608K, reserved 1114112K
  class space    used 3272K, committed 3648K, reserved 1048576K
}
Event: 50.069 GC heap before
{Heap before GC invocations=13 (full 0):
 garbage-first heap   total reserved 4134912K, committed 172032K, used 169212K [0x0000000703a00000, 0x0000000800000000)
  region size 2048K, 18 young (36864K), 1 survivors (2048K)
 Metaspace       used 27883K, committed 28608K, reserved 1114112K
  class space    used 3272K, committed 3648K, reserved 1048576K
}
Event: 50.071 GC heap after
{Heap after GC invocations=14 (full 0):
 garbage-first heap   total reserved 4134912K, committed 176128K, used 133919K [0x0000000703a00000, 0x0000000800000000)
  region size 2048K, 1 young (2048K), 1 survivors (2048K)
 Metaspace       used 27883K, committed 28608K, reserved 1114112K
  class space    used 3272K, committed 3648K, reserved 1048576K
}
Event: 50.094 GC heap before
{Heap before GC invocations=14 (full 0):
 garbage-first heap   total reserved 4134912K, committed 176128K, used 160543K [0x0000000703a00000, 0x0000000800000000)
  region size 2048K, 14 young (28672K), 1 survivors (2048K)
 Metaspace       used 27883K, committed 28608K, reserved 1114112K
  class space    used 3272K, committed 3648K, reserved 1048576K
}
Event: 50.095 GC heap after
{Heap after GC invocations=15 (full 0):
 garbage-first heap   total reserved 4134912K, committed 176128K, used 133921K [0x0000000703a00000, 0x0000000800000000)
  region size 2048K, 1 young (2048K), 1 survivors (2048K)
 Metaspace       used 27883K, committed 28608K, reserved 1114112K
  class space    used 3272K, committed 3648K, reserved 1048576K
}
Event: 50.121 GC heap before
{Heap before GC invocations=16 (full 0):
 garbage-first heap   total reserved 4134912K, committed 229376K, used 158497K [0x0000000703a00000, 0x0000000800000000)
  region size 2048K, 14 young (28672K), 1 survivors (2048K)
 Metaspace       used 27883K, committed 28608K, reserved 1114112K
  class space    used 3272K, committed 3648K, reserved 1048576K
}
Event: 50.122 GC heap after
{Heap after GC invocations=17 (full 0):
 garbage-first heap   total reserved 4134912K, committed 282624K, used 133921K [0x0000000703a00000, 0x0000000800000000)
  region size 2048K, 1 young (2048K), 1 survivors (2048K)
 Metaspace       used 27883K, committed 28608K, reserved 1114112K
  class space    used 3272K, committed 3648K, reserved 1048576K
}
Event: 50.267 GC heap before
{Heap before GC invocations=17 (full 0):
 garbage-first heap   total reserved 4134912K, committed 282624K, used 279329K [0x0000000703a00000, 0x0000000800000000)
  region size 2048K, 59 young (120832K), 1 survivors (2048K)
 Metaspace       used 27883K, committed 28608K, reserved 1114112K
  class space    used 3272K, committed 3648K, reserved 1048576K
}
Event: 50.269 GC heap after
{Heap after GC invocations=18 (full 0):
 garbage-first heap   total reserved 4134912K, committed 286720K, used 160238K [0x0000000703a00000, 0x0000000800000000)
  region size 2048K, 1 young (2048K), 1 survivors (2048K)
 Metaspace       used 27883K, committed 28608K, reserved 1114112K
  class space    used 3272K, committed 3648K, reserved 1048576K
}
Event: 50.270 GC heap before
{Heap before GC invocations=18 (full 0):
 garbage-first heap   total reserved 4134912K, committed 286720K, used 160238K [0x0000000703a00000, 0x0000000800000000)
  region size 2048K, 2 young (4096K), 1 survivors (2048K)
 Metaspace       used 27883K, committed 28608K, reserved 1114112K
  class space    used 3272K, committed 3648K, reserved 1048576K
}
Event: 50.270 GC heap after
{Heap after GC invocations=19 (full 0):
 garbage-first heap   total reserved 4134912K, committed 286720K, used 160252K [0x0000000703a00000, 0x0000000800000000)
  region size 2048K, 1 young (2048K), 1 survivors (2048K)
 Metaspace       used 27883K, committed 28608K, reserved 1114112K
  class space    used 3272K, committed 3648K, reserved 1048576K
}
Event: 50.370 GC heap before
{Heap before GC invocations=20 (full 0):
 garbage-first heap   total reserved 4134912K, committed 317440K, used 293372K [0x0000000703a00000, 0x0000000800000000)
  region size 2048K, 53 young (108544K), 1 survivors (2048K)
 Metaspace       used 27883K, committed 28608K, reserved 1114112K
  class space    used 3272K, committed 3648K, reserved 1048576K
}
Event: 50.371 GC heap after
{Heap after GC invocations=21 (full 0):
 garbage-first heap   total reserved 4134912K, committed 317440K, used 186876K [0x0000000703a00000, 0x0000000800000000)
  region size 2048K, 1 young (2048K), 1 survivors (2048K)
 Metaspace       used 27883K, committed 28608K, reserved 1114112K
  class space    used 3272K, committed 3648K, reserved 1048576K
}
Event: 50.479 GC heap before
{Heap before GC invocations=21 (full 0):
 garbage-first heap   total reserved 4134912K, committed 317440K, used 260604K [0x0000000703a00000, 0x0000000800000000)
  region size 2048K, 38 young (77824K), 1 survivors (2048K)
 Metaspace       used 27885K, committed 28608K, reserved 1114112K
  class space    used 3272K, committed 3648K, reserved 1048576K
}
Event: 50.480 GC heap after
{Heap after GC invocations=22 (full 0):
 garbage-first heap   total reserved 4134912K, committed 317440K, used 186829K [0x0000000703a00000, 0x0000000800000000)
  region size 2048K, 1 young (2048K), 1 survivors (2048K)
 Metaspace       used 27885K, committed 28608K, reserved 1114112K
  class space    used 3272K, committed 3648K, reserved 1048576K
}
Event: 50.534 GC heap before
{Heap before GC invocations=23 (full 0):
 garbage-first heap   total reserved 4134912K, committed 362496K, used 238029K [0x0000000703a00000, 0x0000000800000000)
  region size 2048K, 14 young (28672K), 1 survivors (2048K)
 Metaspace       used 27885K, committed 28608K, reserved 1114112K
  class space    used 3272K, committed 3648K, reserved 1048576K
}
Event: 50.535 GC heap after
{Heap after GC invocations=24 (full 0):
 garbage-first heap   total reserved 4134912K, committed 362496K, used 213500K [0x0000000703a00000, 0x0000000800000000)
  region size 2048K, 1 young (2048K), 1 survivors (2048K)
 Metaspace       used 27885K, committed 28608K, reserved 1114112K
  class space    used 3272K, committed 3648K, reserved 1048576K
}

